this derivation will be built:
  /nix/store/493j8jnv0zzz9rn6miapmby3ncmlmwvn-iio-hyprland-master.drv
building '/nix/store/493j8jnv0zzz9rn6miapmby3ncmlmwvn-iio-hyprland-master.drv'...
unpacking sources
unpacking source archive /nix/store/wiplppmhxp7kz029mfmlsnnir275d8r7-source
source root is source
patching sources
configuring
building
The Meson build system
Version: 1.0.0
Source dir: /build/source
Build dir: /build/source/build
Build type: native build
Project name: iio-hyprland
Project version: undefined
C compiler for the host machine: gcc (gcc 12.2.0 "gcc (GCC) 12.2.0")
C linker for the host machine: gcc ld.bfd 2.40
Host machine cpu family: x86_64
Host machine cpu: x86_64
Found pkg-config: /nix/store/11z6klm7kvf2pq4kac5k2pjanf78zsbi-pkg-config-wrapper-0.29.2/bin/pkg-config (0.29.2)
Run-time dependency dbus-1 found: YES 1.14.6
Build targets in project: 1

Found ninja-1.11.1 at /nix/store/4hliirrv25pzs3yci3vn3smv23g155di-ninja-1.11.1/bin/ninja
WARNING: Running the setup command as `meson [options]` instead of `meson setup [options]` is ambiguous and deprecated.
installing
[1/3] Compiling C object iio-hyprland.p/main.c.o
../main.c: In function 'system_fmt':
../main.c:89:5: warning: ignoring return value of 'system' declared with attribute 'warn_unused_result' [-Wunused-result]
   89 |     system(command);
      |     ^~~~~~~~~~~~~~~
[2/3] Installing files.yprland
Traceback (most recent call last):
  File "/nix/store/9anb0lxpd665zvvladip5q93fpvwhh72-meson-1.0.0/lib/python3.10/site-packages/mesonbuild/mesonmain.py", line 193, in run
    return options.run_func(options)
  File "/nix/store/9anb0lxpd665zvvladip5q93fpvwhh72-meson-1.0.0/lib/python3.10/site-packages/mesonbuild/minstall.py", line 773, in run
    installer.do_install(datafilename)
  File "/nix/store/9anb0lxpd665zvvladip5q93fpvwhh72-meson-1.0.0/lib/python3.10/site-packages/mesonbuild/minstall.py", line 545, in do_install
    self.install_targets(d, dm, destdir, fullprefix)
  File "/nix/store/9anb0lxpd665zvvladip5q93fpvwhh72-meson-1.0.0/lib/python3.10/site-packages/mesonbuild/minstall.py", line 701, in install_targets
    file_copied = self.do_copyfile(fname, outname, makedirs=(dm, outdir))
  File "/nix/store/9anb0lxpd665zvvladip5q93fpvwhh72-meson-1.0.0/lib/python3.10/site-packages/mesonbuild/minstall.py", line 412, in do_copyfile
    dirmaker.makedirs(outdir, exist_ok=True)
  File "/nix/store/9anb0lxpd665zvvladip5q93fpvwhh72-meson-1.0.0/lib/python3.10/site-packages/mesonbuild/minstall.py", line 113, in makedirs
    self.makedirs_impl(path, exist_ok=exist_ok)
  File "/nix/store/9anb0lxpd665zvvladip5q93fpvwhh72-meson-1.0.0/lib/python3.10/site-packages/mesonbuild/minstall.py", line 316, in makedirs
    os.makedirs(*args, **kwargs)
  File "/nix/store/412d25bdawy2idxfpnis8vjcm8cz2ag7-python3-3.10.11/lib/python3.10/os.py", line 215, in makedirs
    makedirs(head, exist_ok=exist_ok)
  File "/nix/store/412d25bdawy2idxfpnis8vjcm8cz2ag7-python3-3.10.11/lib/python3.10/os.py", line 215, in makedirs
    makedirs(head, exist_ok=exist_ok)
  File "/nix/store/412d25bdawy2idxfpnis8vjcm8cz2ag7-python3-3.10.11/lib/python3.10/os.py", line 225, in makedirs
    mkdir(name, mode)
PermissionError: [Errno 13] Permission denied: '/usr'

ERROR: Unhandled python OSError. This is probably not a Meson bug, but an issue with your build environment.
FAILED: meson-internal__install 
/nix/store/9anb0lxpd665zvvladip5q93fpvwhh72-meson-1.0.0/bin/meson install --no-rebuild
ninja: build stopped: subcommand failed.
error: builder for '/nix/store/493j8jnv0zzz9rn6miapmby3ncmlmwvn-iio-hyprland-master.drv' failed with exit code 1;
       last 10 log lines:
       >   File "/nix/store/412d25bdawy2idxfpnis8vjcm8cz2ag7-python3-3.10.11/lib/python3.10/os.py", line 215, in makedirs
       >     makedirs(head, exist_ok=exist_ok)
       >   File "/nix/store/412d25bdawy2idxfpnis8vjcm8cz2ag7-python3-3.10.11/lib/python3.10/os.py", line 225, in makedirs
       >     mkdir(name, mode)
       > PermissionError: [Errno 13] Permission denied: '/usr'
       >
       > ERROR: Unhandled python OSError. This is probably not a Meson bug, but an issue with your build environment.
       > FAILED: meson-internal__install
       > /nix/store/9anb0lxpd665zvvladip5q93fpvwhh72-meson-1.0.0/bin/meson install --no-rebuild
       > ninja: build stopped: subcommand failed.
       For full logs, run 'nix log /nix/store/493j8jnv0zzz9rn6miapmby3ncmlmwvn-iio-hyprland-master.drv'.
